[2026-06-30 19:58:45] ETW session started. Watching: e:\vs code projects\edr-lite\test-folder
[2026-06-30 19:59:03] [CREATE] PID=23816 File=E:\VS CODE projects\edr-lite\test-folder\logtest.txt
[2026-06-30 19:59:03] [WRITE]  PID=23816 File=E:\VS CODE projects\edr-lite\test-folder\logtest.txt
[2026-06-30 19:59:06] [WRITE]  PID=4 File=E:\VS CODE projects\edr-lite\test-folder\logtest.txt
[2026-06-30 19:59:08] [CREATE] PID=21976 File=E:\VS CODE projects\edr-lite\test-folder
[2026-06-30 19:59:18] [CREATE] PID=21976 File=E:\VS CODE projects\edr-lite\test-folder\logtest.txt
[2026-06-30 19:59:18] [CREATE] PID=10672 File=E:\VS CODE projects\edr-lite\test-folder
[2026-06-30 19:59:18] [CREATE] PID=23784 File=E:\VS CODE projects\edr-lite\test-folder\
[2026-06-30 19:59:18] [CREATE] PID=18688 File=E:\VS CODE projects\edr-lite\test-folder\
[2026-06-30 19:59:18] [CREATE] PID=18688 File=E:\VS CODE projects\edr-lite\test-folder
[2026-06-30 19:59:18] [CREATE] PID=18688 File=E:\VS CODE projects\edr-lite\test-folder
[2026-06-30 19:59:18] [CREATE] PID=18688 File=E:\VS CODE projects\edr-lite\test-folder
[2026-06-30 19:59:18] [CREATE] PID=18688 File=E:\VS CODE projects\edr-lite\test-folder\.git
[2026-06-30 19:59:24] [CREATE] PID=21976 File=E:\VS CODE projects\edr-lite\test-folder
[2026-06-30 19:59:37] [CREATE] PID=21976 File=E:\VS CODE projects\edr-lite\test-folder
[2026-06-30 20:31:23] [WRITE]  PID=4 File=E:\VS CODE projects\edr-lite\test-folder\logtest.txt
[2026-06-30 20:37:22] ETW session started. Watching: e:\vs code projects\edr-lite\test-folder
[2026-06-30 20:37:36] [CREATE] PID=15944 File=E:\VS CODE projects\edr-lite\test-folder\sim_file_1.txt
[2026-06-30 20:37:36] [WRITE]  PID=15944 File=E:\VS CODE projects\edr-lite\test-folder\sim_file_1.txt
[2026-06-30 20:37:36] [CREATE] PID=15944 File=E:\VS CODE projects\edr-lite\test-folder\sim_file_1.txt
[2026-06-30 20:37:36] [CREATE] PID=15944 File=E:\VS CODE projects\edr-lite\test-folder\
[2026-06-30 20:37:36] [RENAME] PID=15944 File=E:\VS CODE projects\edr-lite\test-folder\sim_file_1.txt
[2026-06-30 20:37:36] [CREATE] PID=15944 File=E:\VS CODE projects\edr-lite\test-folder\sim_file_2.txt
[2026-06-30 20:37:36] [WRITE]  PID=15944 File=E:\VS CODE projects\edr-lite\test-folder\sim_file_2.txt
[2026-06-30 20:37:36] [CREATE] PID=15944 File=E:\VS CODE projects\edr-lite\test-folder\sim_file_2.txt
[2026-06-30 20:37:36] [CREATE] PID=15944 File=E:\VS CODE projects\edr-lite\test-folder\
[2026-06-30 20:37:36] [RENAME] PID=15944 File=E:\VS CODE projects\edr-lite\test-folder\sim_file_2.txt
[2026-06-30 20:37:36] [CREATE] PID=15944 File=E:\VS CODE projects\edr-lite\test-folder\sim_file_3.txt
[2026-06-30 20:37:36] [WRITE]  PID=15944 File=E:\VS CODE projects\edr-lite\test-folder\sim_file_3.txt
[2026-06-30 20:37:36] [CREATE] PID=15944 File=E:\VS CODE projects\edr-lite\test-folder\sim_file_3.txt
[2026-06-30 20:37:36] [CREATE] PID=15944 File=E:\VS CODE projects\edr-lite\test-folder\
[2026-06-30 20:37:36] [RENAME] PID=15944 File=E:\VS CODE projects\edr-lite\test-folder\sim_file_3.txt
[2026-06-30 20:37:36] [CREATE] PID=15944 File=E:\VS CODE projects\edr-lite\test-folder\sim_file_4.txt
[2026-06-30 20:37:36] [WRITE]  PID=15944 File=E:\VS CODE projects\edr-lite\test-folder\sim_file_4.txt
[2026-06-30 20:37:36] [CREATE] PID=15944 File=E:\VS CODE projects\edr-lite\test-folder\sim_file_4.txt
[2026-06-30 20:37:36] [CREATE] PID=15944 File=E:\VS CODE projects\edr-lite\test-folder\
[2026-06-30 20:37:36] [RENAME] PID=15944 File=E:\VS CODE projects\edr-lite\test-folder\sim_file_4.txt
[2026-06-30 20:37:36] ALERT: PID=15944 crossed suspicious threshold (triggered by E:\VS CODE projects\edr-lite\test-folder\sim_file_4.txt)
[2026-06-30 20:37:36] RESPONSE: Killed PID=15944 (powershell)
[2026-06-30 20:37:36] [CREATE] PID=15944 File=E:\VS CODE projects\edr-lite\test-folder\sim_file_5.txt
[2026-06-30 20:37:36] [WRITE]  PID=15944 File=E:\VS CODE projects\edr-lite\test-folder\sim_file_5.txt
[2026-06-30 20:37:36] [CREATE] PID=15944 File=E:\VS CODE projects\edr-lite\test-folder\sim_file_5.txt
[2026-06-30 20:37:36] [CREATE] PID=15944 File=E:\VS CODE projects\edr-lite\test-folder\
[2026-06-30 20:37:36] [RENAME] PID=15944 File=E:\VS CODE projects\edr-lite\test-folder\sim_file_5.txt
[2026-06-30 20:37:36] [CREATE] PID=15944 File=E:\VS CODE projects\edr-lite\test-folder\sim_file_6.txt
[2026-06-30 20:37:36] [WRITE]  PID=15944 File=E:\VS CODE projects\edr-lite\test-folder\sim_file_6.txt
[2026-06-30 20:37:36] [CREATE] PID=15944 File=E:\VS CODE projects\edr-lite\test-folder\sim_file_6.txt
[2026-06-30 20:37:36] [CREATE] PID=15944 File=E:\VS CODE projects\edr-lite\test-folder\
[2026-06-30 20:37:36] [RENAME] PID=15944 File=E:\VS CODE projects\edr-lite\test-folder\sim_file_6.txt
[2026-06-30 20:37:36] [CREATE] PID=15944 File=E:\VS CODE projects\edr-lite\test-folder\sim_file_7.txt
[2026-06-30 20:37:36] [WRITE]  PID=15944 File=E:\VS CODE projects\edr-lite\test-folder\sim_file_7.txt
[2026-06-30 20:37:36] [CREATE] PID=15944 File=E:\VS CODE projects\edr-lite\test-folder\sim_file_7.txt
[2026-06-30 20:37:36] [CREATE] PID=15944 File=E:\VS CODE projects\edr-lite\test-folder\
[2026-06-30 20:37:36] [RENAME] PID=15944 File=E:\VS CODE projects\edr-lite\test-folder\sim_file_7.txt
[2026-06-30 20:37:36] [CREATE] PID=15944 File=E:\VS CODE projects\edr-lite\test-folder\sim_file_8.txt
[2026-06-30 20:37:36] [WRITE]  PID=15944 File=E:\VS CODE projects\edr-lite\test-folder\sim_file_8.txt
[2026-06-30 20:37:36] [CREATE] PID=15944 File=E:\VS CODE projects\edr-lite\test-folder\sim_file_8.txt
[2026-06-30 20:37:36] [CREATE] PID=15944 File=E:\VS CODE projects\edr-lite\test-folder\
[2026-06-30 20:37:36] [RENAME] PID=15944 File=E:\VS CODE projects\edr-lite\test-folder\sim_file_8.txt
[2026-06-30 20:37:36] [CREATE] PID=15944 File=E:\VS CODE projects\edr-lite\test-folder\sim_file_9.txt
[2026-06-30 20:37:36] [WRITE]  PID=15944 File=E:\VS CODE projects\edr-lite\test-folder\sim_file_9.txt
[2026-06-30 20:37:36] [CREATE] PID=15944 File=E:\VS CODE projects\edr-lite\test-folder\sim_file_9.txt
[2026-06-30 20:37:36] [CREATE] PID=15944 File=E:\VS CODE projects\edr-lite\test-folder\
[2026-06-30 20:37:36] [RENAME] PID=15944 File=E:\VS CODE projects\edr-lite\test-folder\sim_file_9.txt
[2026-06-30 20:37:36] [CREATE] PID=15944 File=E:\VS CODE projects\edr-lite\test-folder\sim_file_10.txt
[2026-06-30 20:37:36] [WRITE]  PID=15944 File=E:\VS CODE projects\edr-lite\test-folder\sim_file_10.txt
[2026-06-30 20:37:36] [CREATE] PID=5336 File=E:\VS CODE projects\edr-lite\test-folder\sim_file_1.locked
[2026-06-30 20:37:36] [CREATE] PID=5336 File=E:\VS CODE projects\edr-lite\test-folder\sim_file_1.locked
[2026-06-30 20:37:36] [CREATE] PID=15944 File=E:\VS CODE projects\edr-lite\test-folder\sim_file_10.txt
[2026-06-30 20:37:36] [CREATE] PID=15944 File=E:\VS CODE projects\edr-lite\test-folder\
[2026-06-30 20:37:36] [RENAME] PID=15944 File=E:\VS CODE projects\edr-lite\test-folder\sim_file_10.txt
[2026-06-30 20:37:36] [CREATE] PID=15944 File=E:\VS CODE projects\edr-lite\test-folder\sim_file_11.txt
[2026-06-30 20:37:36] [WRITE]  PID=15944 File=E:\VS CODE projects\edr-lite\test-folder\sim_file_11.txt
[2026-06-30 20:37:36] [CREATE] PID=5336 File=E:\VS CODE projects\edr-lite\test-folder\sim_file_1.locked
[2026-06-30 20:37:36] [CREATE] PID=5336 File=E:\VS CODE projects\edr-lite\test-folder\sim_file_1.locked
[2026-06-30 20:37:36] [CREATE] PID=15944 File=E:\VS CODE projects\edr-lite\test-folder\sim_file_11.txt
[2026-06-30 20:37:36] [CREATE] PID=15944 File=E:\VS CODE projects\edr-lite\test-folder\
[2026-06-30 20:37:36] [RENAME] PID=15944 File=E:\VS CODE projects\edr-lite\test-folder\sim_file_11.txt
[2026-06-30 20:37:36] [CREATE] PID=15944 File=E:\VS CODE projects\edr-lite\test-folder\sim_file_12.txt
[2026-06-30 20:37:36] [WRITE]  PID=15944 File=E:\VS CODE projects\edr-lite\test-folder\sim_file_12.txt
[2026-06-30 20:37:36] [CREATE] PID=15944 File=E:\VS CODE projects\edr-lite\test-folder\sim_file_12.txt
[2026-06-30 20:37:36] [CREATE] PID=15944 File=E:\VS CODE projects\edr-lite\test-folder\
[2026-06-30 20:37:36] [RENAME] PID=15944 File=E:\VS CODE projects\edr-lite\test-folder\sim_file_12.txt
[2026-06-30 20:37:36] [CREATE] PID=15944 File=E:\VS CODE projects\edr-lite\test-folder\sim_file_13.txt
[2026-06-30 20:37:36] [WRITE]  PID=15944 File=E:\VS CODE projects\edr-lite\test-folder\sim_file_13.txt
[2026-06-30 20:37:37] [CREATE] PID=15944 File=E:\VS CODE projects\edr-lite\test-folder\sim_file_13.txt
[2026-06-30 20:37:37] [CREATE] PID=15944 File=E:\VS CODE projects\edr-lite\test-folder\
[2026-06-30 20:37:37] [RENAME] PID=15944 File=E:\VS CODE projects\edr-lite\test-folder\sim_file_13.txt
[2026-06-30 20:37:37] [CREATE] PID=15944 File=E:\VS CODE projects\edr-lite\test-folder\sim_file_14.txt
[2026-06-30 20:37:37] [WRITE]  PID=15944 File=E:\VS CODE projects\edr-lite\test-folder\sim_file_14.txt
[2026-06-30 20:37:37] [CREATE] PID=15944 File=E:\VS CODE projects\edr-lite\test-folder\sim_file_14.txt
[2026-06-30 20:37:37] [CREATE] PID=15944 File=E:\VS CODE projects\edr-lite\test-folder\
[2026-06-30 20:37:37] [RENAME] PID=15944 File=E:\VS CODE projects\edr-lite\test-folder\sim_file_14.txt
[2026-06-30 20:37:37] [CREATE] PID=15944 File=E:\VS CODE projects\edr-lite\test-folder\sim_file_15.txt
[2026-06-30 20:37:37] [WRITE]  PID=15944 File=E:\VS CODE projects\edr-lite\test-folder\sim_file_15.txt
[2026-06-30 20:37:37] [CREATE] PID=15944 File=E:\VS CODE projects\edr-lite\test-folder\sim_file_15.txt
[2026-06-30 20:37:37] [CREATE] PID=15944 File=E:\VS CODE projects\edr-lite\test-folder\
[2026-06-30 20:37:37] [RENAME] PID=15944 File=E:\VS CODE projects\edr-lite\test-folder\sim_file_15.txt
[2026-06-30 20:37:37] [CREATE] PID=15944 File=E:\VS CODE projects\edr-lite\test-folder\sim_file_16.txt
[2026-06-30 20:37:37] [WRITE]  PID=15944 File=E:\VS CODE projects\edr-lite\test-folder\sim_file_16.txt
[2026-06-30 20:37:37] [CREATE] PID=15944 File=E:\VS CODE projects\edr-lite\test-folder\sim_file_16.txt
[2026-06-30 20:37:37] [CREATE] PID=15944 File=E:\VS CODE projects\edr-lite\test-folder\
[2026-06-30 20:37:37] [RENAME] PID=15944 File=E:\VS CODE projects\edr-lite\test-folder\sim_file_16.txt
[2026-06-30 20:37:37] [CREATE] PID=15944 File=E:\VS CODE projects\edr-lite\test-folder\sim_file_17.txt
[2026-06-30 20:37:37] [WRITE]  PID=15944 File=E:\VS CODE projects\edr-lite\test-folder\sim_file_17.txt
[2026-06-30 20:37:37] [CREATE] PID=15944 File=E:\VS CODE projects\edr-lite\test-folder\sim_file_17.txt
[2026-06-30 20:37:37] [CREATE] PID=15944 File=E:\VS CODE projects\edr-lite\test-folder\
[2026-06-30 20:37:37] [RENAME] PID=15944 File=E:\VS CODE projects\edr-lite\test-folder\sim_file_17.txt
[2026-06-30 20:37:37] [CREATE] PID=15944 File=E:\VS CODE projects\edr-lite\test-folder\sim_file_18.txt
[2026-06-30 20:37:37] [WRITE]  PID=15944 File=E:\VS CODE projects\edr-lite\test-folder\sim_file_18.txt
[2026-06-30 20:37:37] [CREATE] PID=15944 File=E:\VS CODE projects\edr-lite\test-folder\sim_file_18.txt
[2026-06-30 20:37:37] [CREATE] PID=15944 File=E:\VS CODE projects\edr-lite\test-folder\
[2026-06-30 20:37:37] [RENAME] PID=15944 File=E:\VS CODE projects\edr-lite\test-folder\sim_file_18.txt
[2026-06-30 20:37:37] [CREATE] PID=15944 File=E:\VS CODE projects\edr-lite\test-folder\sim_file_19.txt
[2026-06-30 20:37:37] [WRITE]  PID=15944 File=E:\VS CODE projects\edr-lite\test-folder\sim_file_19.txt
[2026-06-30 20:37:37] [CREATE] PID=15944 File=E:\VS CODE projects\edr-lite\test-folder\sim_file_19.txt
[2026-06-30 20:37:37] [CREATE] PID=15944 File=E:\VS CODE projects\edr-lite\test-folder\
[2026-06-30 20:37:37] [RENAME] PID=15944 File=E:\VS CODE projects\edr-lite\test-folder\sim_file_19.txt
[2026-06-30 20:37:37] [CREATE] PID=15944 File=E:\VS CODE projects\edr-lite\test-folder\sim_file_20.txt
[2026-06-30 20:37:37] [WRITE]  PID=15944 File=E:\VS CODE projects\edr-lite\test-folder\sim_file_20.txt
[2026-06-30 20:37:37] [CREATE] PID=15944 File=E:\VS CODE projects\edr-lite\test-folder\sim_file_20.txt
[2026-06-30 20:37:37] [CREATE] PID=15944 File=E:\VS CODE projects\edr-lite\test-folder\
[2026-06-30 20:37:37] [RENAME] PID=15944 File=E:\VS CODE projects\edr-lite\test-folder\sim_file_20.txt
[2026-06-30 20:37:37] [CREATE] PID=15944 File=E:\VS CODE projects\edr-lite\test-folder\sim_file_21.txt
[2026-06-30 20:37:37] [WRITE]  PID=15944 File=E:\VS CODE projects\edr-lite\test-folder\sim_file_21.txt
[2026-06-30 20:37:37] [CREATE] PID=15944 File=E:\VS CODE projects\edr-lite\test-folder\sim_file_21.txt
[2026-06-30 20:37:37] [CREATE] PID=15944 File=E:\VS CODE projects\edr-lite\test-folder\
[2026-06-30 20:37:37] [RENAME] PID=15944 File=E:\VS CODE projects\edr-lite\test-folder\sim_file_21.txt
[2026-06-30 20:37:37] [CREATE] PID=15944 File=E:\VS CODE projects\edr-lite\test-folder\sim_file_22.txt
[2026-06-30 20:37:37] [WRITE]  PID=15944 File=E:\VS CODE projects\edr-lite\test-folder\sim_file_22.txt
[2026-06-30 20:37:37] [CREATE] PID=15944 File=E:\VS CODE projects\edr-lite\test-folder\sim_file_22.txt
[2026-06-30 20:37:37] [CREATE] PID=15944 File=E:\VS CODE projects\edr-lite\test-folder\
[2026-06-30 20:37:37] [RENAME] PID=15944 File=E:\VS CODE projects\edr-lite\test-folder\sim_file_22.txt
[2026-06-30 20:37:37] [CREATE] PID=15944 File=E:\VS CODE projects\edr-lite\test-folder\sim_file_23.txt
[2026-06-30 20:37:37] [WRITE]  PID=15944 File=E:\VS CODE projects\edr-lite\test-folder\sim_file_23.txt
[2026-06-30 20:37:37] [CREATE] PID=15944 File=E:\VS CODE projects\edr-lite\test-folder\sim_file_23.txt
[2026-06-30 20:37:37] [CREATE] PID=15944 File=E:\VS CODE projects\edr-lite\test-folder\
[2026-06-30 20:37:37] [RENAME] PID=15944 File=E:\VS CODE projects\edr-lite\test-folder\sim_file_23.txt
[2026-06-30 20:37:37] [CREATE] PID=15944 File=E:\VS CODE projects\edr-lite\test-folder\sim_file_24.txt
[2026-06-30 20:37:37] [WRITE]  PID=15944 File=E:\VS CODE projects\edr-lite\test-folder\sim_file_24.txt
[2026-06-30 20:37:37] [CREATE] PID=15944 File=E:\VS CODE projects\edr-lite\test-folder\sim_file_24.txt
[2026-06-30 20:37:37] [CREATE] PID=15944 File=E:\VS CODE projects\edr-lite\test-folder\
[2026-06-30 20:37:37] [RENAME] PID=15944 File=E:\VS CODE projects\edr-lite\test-folder\sim_file_24.txt
[2026-06-30 20:37:37] [CREATE] PID=15944 File=E:\VS CODE projects\edr-lite\test-folder\sim_file_25.txt
[2026-06-30 20:37:37] [WRITE]  PID=15944 File=E:\VS CODE projects\edr-lite\test-folder\sim_file_25.txt
[2026-06-30 20:37:37] [CREATE] PID=15944 File=E:\VS CODE projects\edr-lite\test-folder\sim_file_25.txt
[2026-06-30 20:37:37] [CREATE] PID=15944 File=E:\VS CODE projects\edr-lite\test-folder\
[2026-06-30 20:37:37] [RENAME] PID=15944 File=E:\VS CODE projects\edr-lite\test-folder\sim_file_25.txt
[2026-06-30 20:37:38] [WRITE]  PID=9472 File=E:\VS CODE projects\edr-lite\test-folder\sim_file_4.txt
[2026-06-30 20:37:38] [WRITE]  PID=9472 File=E:\VS CODE projects\edr-lite\test-folder\sim_file_22.txt
[2026-06-30 20:37:38] [WRITE]  PID=9472 File=E:\VS CODE projects\edr-lite\test-folder\
[2026-06-30 20:37:38] [WRITE]  PID=9472 File=E:\VS CODE projects\edr-lite\test-folder\
[2026-06-30 20:37:38] [WRITE]  PID=9472 File=E:\VS CODE projects\edr-lite\test-folder\
[2026-06-30 20:37:38] [WRITE]  PID=9472 File=E:\VS CODE projects\edr-lite\test-folder\sim_file_20.txt
[2026-06-30 20:37:38] [WRITE]  PID=21976 File=E:\VS CODE projects\edr-lite\test-folder\
[2026-06-30 20:37:38] [WRITE]  PID=21976 File=E:\VS CODE projects\edr-lite\test-folder\
[2026-06-30 20:37:38] [WRITE]  PID=21976 File=E:\VS CODE projects\edr-lite\test-folder\
[2026-06-30 20:37:38] [WRITE]  PID=21976 File=E:\VS CODE projects\edr-lite\test-folder\
[2026-06-30 20:37:38] [WRITE]  PID=21976 File=E:\VS CODE projects\edr-lite\test-folder\
[2026-06-30 20:37:38] [WRITE]  PID=21976 File=E:\VS CODE projects\edr-lite\test-folder\
[2026-06-30 20:37:38] [WRITE]  PID=21976 File=E:\VS CODE projects\edr-lite\test-folder\
[2026-06-30 20:37:38] [WRITE]  PID=21976 File=E:\VS CODE projects\edr-lite\test-folder\
[2026-06-30 20:37:38] [WRITE]  PID=21976 File=E:\VS CODE projects\edr-lite\test-folder\
[2026-06-30 20:37:38] [WRITE]  PID=21976 File=E:\VS CODE projects\edr-lite\test-folder\
[2026-06-30 20:37:38] [WRITE]  PID=21976 File=E:\VS CODE projects\edr-lite\test-folder\
[2026-06-30 20:37:38] [WRITE]  PID=21976 File=E:\VS CODE projects\edr-lite\test-folder\
[2026-06-30 20:37:38] [WRITE]  PID=21976 File=E:\VS CODE projects\edr-lite\test-folder\
[2026-06-30 20:37:38] [WRITE]  PID=21976 File=E:\VS CODE projects\edr-lite\test-folder\
[2026-06-30 20:37:38] [WRITE]  PID=21976 File=E:\VS CODE projects\edr-lite\test-folder\
[2026-06-30 20:37:38] [WRITE]  PID=21976 File=E:\VS CODE projects\edr-lite\test-folder\
[2026-06-30 20:37:38] [WRITE]  PID=21976 File=E:\VS CODE projects\edr-lite\test-folder\
[2026-06-30 20:37:39] [WRITE]  PID=9472 File=E:\VS CODE projects\edr-lite\test-folder\
[2026-06-30 20:37:39] [WRITE]  PID=9472 File=E:\VS CODE projects\edr-lite\test-folder\sim_file_5.txt
[2026-06-30 20:37:39] [WRITE]  PID=9472 File=E:\VS CODE projects\edr-lite\test-folder\
[2026-06-30 20:37:39] [WRITE]  PID=4 File=E:\VS CODE projects\edr-lite\test-folder\sim_file_2.txt
[2026-06-30 20:37:39] [WRITE]  PID=4 File=E:\VS CODE projects\edr-lite\test-folder\sim_file_3.txt
[2026-06-30 20:37:39] [WRITE]  PID=4 File=E:\VS CODE projects\edr-lite\test-folder\sim_file_4.txt
[2026-06-30 20:37:39] [WRITE]  PID=4 File=E:\VS CODE projects\edr-lite\test-folder\sim_file_6.txt
[2026-06-30 20:37:39] [WRITE]  PID=4 File=E:\VS CODE projects\edr-lite\test-folder\sim_file_7.txt
[2026-06-30 20:37:39] [WRITE]  PID=4 File=E:\VS CODE projects\edr-lite\test-folder\sim_file_8.txt
[2026-06-30 20:37:39] [WRITE]  PID=4 File=E:\VS CODE projects\edr-lite\test-folder\sim_file_9.txt
[2026-06-30 20:37:39] [WRITE]  PID=4 File=E:\VS CODE projects\edr-lite\test-folder\sim_file_10.txt
[2026-06-30 20:37:39] [WRITE]  PID=4 File=E:\VS CODE projects\edr-lite\test-folder\sim_file_11.txt
[2026-06-30 20:37:39] [WRITE]  PID=4 File=E:\VS CODE projects\edr-lite\test-folder\sim_file_1.txt
[2026-06-30 20:37:39] [WRITE]  PID=4 File=E:\VS CODE projects\edr-lite\test-folder\sim_file_12.txt
[2026-06-30 20:37:39] [WRITE]  PID=4 File=E:\VS CODE projects\edr-lite\test-folder\sim_file_13.txt
[2026-06-30 20:37:39] [WRITE]  PID=4 File=E:\VS CODE projects\edr-lite\test-folder\sim_file_15.txt
[2026-06-30 20:37:39] [WRITE]  PID=4 File=E:\VS CODE projects\edr-lite\test-folder\sim_file_14.txt
[2026-06-30 20:37:39] [WRITE]  PID=4 File=E:\VS CODE projects\edr-lite\test-folder\sim_file_16.txt
[2026-06-30 20:37:39] [WRITE]  PID=4 File=E:\VS CODE projects\edr-lite\test-folder\sim_file_17.txt
[2026-06-30 20:37:39] [WRITE]  PID=4 File=E:\VS CODE projects\edr-lite\test-folder\sim_file_18.txt
[2026-06-30 20:37:39] [WRITE]  PID=4 File=E:\VS CODE projects\edr-lite\test-folder\sim_file_19.txt
[2026-06-30 20:37:39] [WRITE]  PID=4 File=E:\VS CODE projects\edr-lite\test-folder\sim_file_21.txt
[2026-06-30 20:37:39] [WRITE]  PID=4 File=E:\VS CODE projects\edr-lite\test-folder\sim_file_20.txt
[2026-06-30 20:37:39] ALERT: PID=4 crossed suspicious threshold (triggered by E:\VS CODE projects\edr-lite\test-folder\sim_file_20.txt)
[2026-06-30 20:37:39] RESPONSE FAILED: Could not kill PID=4. Reason: Access is denied.
[2026-06-30 20:37:39] [WRITE]  PID=4 File=E:\VS CODE projects\edr-lite\test-folder\sim_file_22.txt
[2026-06-30 20:37:39] [WRITE]  PID=4 File=E:\VS CODE projects\edr-lite\test-folder\sim_file_24.txt
[2026-06-30 20:37:39] [WRITE]  PID=4 File=E:\VS CODE projects\edr-lite\test-folder\sim_file_25.txt
[2026-06-30 20:37:39] [WRITE]  PID=4 File=E:\VS CODE projects\edr-lite\test-folder\sim_file_23.txt
[2026-06-30 20:37:39] [WRITE]  PID=4 File=E:\VS CODE projects\edr-lite\test-folder\sim_file_5.txt
[2026-06-30 20:37:41] [WRITE]  PID=9472 File=E:\VS CODE projects\edr-lite\test-folder\sim_file_1.locked
[2026-06-30 20:38:07] [WRITE]  PID=18452 File=E:\VS CODE projects\edr-lite\test-folder\sim_file_5.txt
[2026-06-30 20:39:13] [WRITE]  PID=18452 File=E:\VS CODE projects\edr-lite\test-folder\
[2026-06-30 20:39:13] [WRITE]  PID=18452 File=E:\VS CODE projects\edr-lite\test-folder\
[2026-06-30 20:39:13] [WRITE]  PID=18452 File=E:\VS CODE projects\edr-lite\test-folder\
[2026-06-30 20:39:13] [WRITE]  PID=18452 File=E:\VS CODE projects\edr-lite\test-folder\
[2026-06-30 20:39:13] [WRITE]  PID=18452 File=E:\VS CODE projects\edr-lite\test-folder\
[2026-06-30 20:39:13] [WRITE]  PID=18452 File=E:\VS CODE projects\edr-lite\test-folder\
[2026-06-30 20:39:13] [WRITE]  PID=18452 File=E:\VS CODE projects\edr-lite\test-folder\
[2026-06-30 20:39:13] [WRITE]  PID=18452 File=E:\VS CODE projects\edr-lite\test-folder\
[2026-06-30 20:39:13] [WRITE]  PID=18452 File=E:\VS CODE projects\edr-lite\test-folder\
[2026-06-30 20:39:13] [WRITE]  PID=18452 File=E:\VS CODE projects\edr-lite\test-folder\
[2026-06-30 20:39:13] [WRITE]  PID=18452 File=E:\VS CODE projects\edr-lite\test-folder\
[2026-06-30 20:39:13] [WRITE]  PID=18452 File=E:\VS CODE projects\edr-lite\test-folder\
[2026-06-30 20:39:13] [WRITE]  PID=18452 File=E:\VS CODE projects\edr-lite\test-folder\
[2026-06-30 20:39:13] [WRITE]  PID=18452 File=E:\VS CODE projects\edr-lite\test-folder\
[2026-06-30 20:39:13] [WRITE]  PID=18452 File=E:\VS CODE projects\edr-lite\test-folder\
[2026-06-30 20:39:13] [WRITE]  PID=18452 File=E:\VS CODE projects\edr-lite\test-folder\
[2026-06-30 20:39:13] [WRITE]  PID=18452 File=E:\VS CODE projects\edr-lite\test-folder\
[2026-06-30 20:39:13] [WRITE]  PID=18452 File=E:\VS CODE projects\edr-lite\test-folder\
[2026-06-30 20:39:13] [WRITE]  PID=18452 File=E:\VS CODE projects\edr-lite\test-folder\
[2026-06-30 20:39:13] [WRITE]  PID=18452 File=E:\VS CODE projects\edr-lite\test-folder\
[2026-06-30 20:39:13] ALERT: PID=18452 crossed suspicious threshold (triggered by E:\VS CODE projects\edr-lite\test-folder\)
[2026-06-30 20:39:13] RESPONSE: Killed PID=18452 (brave)
[2026-06-30 20:39:13] [WRITE]  PID=18452 File=E:\VS CODE projects\edr-lite\test-folder\
[2026-06-30 20:39:13] [WRITE]  PID=18452 File=E:\VS CODE projects\edr-lite\test-folder\
[2026-06-30 20:39:13] [WRITE]  PID=18452 File=E:\VS CODE projects\edr-lite\test-folder\
[2026-06-30 20:39:13] [WRITE]  PID=18452 File=E:\VS CODE projects\edr-lite\test-folder\
[2026-06-30 20:39:13] [WRITE]  PID=18452 File=E:\VS CODE projects\edr-lite\test-folder\
[2026-06-30 20:39:13] [WRITE]  PID=18452 File=E:\VS CODE projects\edr-lite\test-folder\
[2026-06-30 20:39:13] [WRITE]  PID=18452 File=E:\VS CODE projects\edr-lite\test-folder\
[2026-06-30 20:39:13] [WRITE]  PID=18452 File=E:\VS CODE projects\edr-lite\test-folder\
[2026-06-30 20:39:13] [WRITE]  PID=18452 File=E:\VS CODE projects\edr-lite\test-folder\
[2026-06-30 20:39:13] [WRITE]  PID=18452 File=E:\VS CODE projects\edr-lite\test-folder\
[2026-06-30 20:39:15] [WRITE]  PID=9472 File=E:\VS CODE projects\edr-lite\test-folder\sim_file_1.txt
[2026-06-30 20:39:15] [WRITE]  PID=9472 File=E:\VS CODE projects\edr-lite\test-folder\
[2026-06-30 20:39:15] [WRITE]  PID=9472 File=E:\VS CODE projects\edr-lite\test-folder\sim_file_4.txt
[2026-06-30 20:39:30] [WRITE]  PID=21552 File=E:\VS CODE projects\edr-lite\test-folder\
[2026-06-30 20:39:30] [WRITE]  PID=21552 File=E:\VS CODE projects\edr-lite\test-folder\
[2026-06-30 20:39:30] [WRITE]  PID=21552 File=E:\VS CODE projects\edr-lite\test-folder\
[2026-06-30 20:39:30] [WRITE]  PID=21552 File=E:\VS CODE projects\edr-lite\test-folder\
[2026-06-30 20:39:30] [WRITE]  PID=21552 File=E:\VS CODE projects\edr-lite\test-folder\
[2026-06-30 20:39:30] [WRITE]  PID=21552 File=E:\VS CODE projects\edr-lite\test-folder\
[2026-06-30 20:39:30] [WRITE]  PID=21552 File=E:\VS CODE projects\edr-lite\test-folder\
[2026-06-30 20:39:30] [WRITE]  PID=21552 File=E:\VS CODE projects\edr-lite\test-folder\
[2026-06-30 20:39:30] [WRITE]  PID=21552 File=E:\VS CODE projects\edr-lite\test-folder\
[2026-06-30 20:39:30] [WRITE]  PID=21552 File=E:\VS CODE projects\edr-lite\test-folder\
[2026-06-30 20:39:31] [WRITE]  PID=4 File=E:\VS CODE projects\edr-lite\test-folder\
[2026-06-30 20:39:31] [WRITE]  PID=21552 File=E:\VS CODE projects\edr-lite\test-folder\sim_file_15.txt
[2026-06-30 20:39:32] [WRITE]  PID=4 File=E:\VS CODE projects\edr-lite\test-folder\sim_file_14.txt
[2026-06-30 20:39:42] [WRITE]  PID=21552 File=E:\VS CODE projects\edr-lite\test-folder\sim_file_24.txt
[2026-06-30 20:39:42] [WRITE]  PID=22320 File=E:\VS CODE projects\edr-lite\test-folder\sim_file_24.txt
[2026-06-30 20:40:09] [WRITE]  PID=21552 File=E:\VS CODE projects\edr-lite\test-folder\sim_file_24.txt
[2026-06-30 20:40:09] [WRITE]  PID=21552 File=E:\VS CODE projects\edr-lite\test-folder\sim_file_24.txt
[2026-06-30 20:40:09] [WRITE]  PID=21552 File=E:\VS CODE projects\edr-lite\test-folder\sim_file_24.txt
[2026-06-30 20:40:09] [WRITE]  PID=21552 File=E:\VS CODE projects\edr-lite\test-folder\sim_file_24.txt
[2026-06-30 20:40:09] [WRITE]  PID=21552 File=E:\VS CODE projects\edr-lite\test-folder\sim_file_24.txt
[2026-06-30 20:40:09] [WRITE]  PID=21552 File=E:\VS CODE projects\edr-lite\test-folder\sim_file_24.txt
[2026-06-30 20:40:09] [WRITE]  PID=21552 File=E:\VS CODE projects\edr-lite\test-folder\sim_file_24.txt
[2026-06-30 20:40:10] [WRITE]  PID=4 File=E:\VS CODE projects\edr-lite\test-folder\sim_file_24.txt
[2026-06-30 20:41:19] [WRITE]  PID=4 File=E:\VS CODE projects\edr-lite\test-folder\
[2026-06-30 20:41:19] [WRITE]  PID=4 File=E:\VS CODE projects\edr-lite\test-folder\
[2026-06-30 20:41:21] [WRITE]  PID=9472 File=E:\VS CODE projects\edr-lite\test-folder\sim_file_1.locked
